
> sahilbansal-portfolio@0.1.0 build
> next build

  ▲ Next.js 14.2.35
  - Environments: .env.local

   Creating an optimized production build ...
 ✓ Compiled successfully
   Linting and checking validity of types ...
   Collecting page data ...
 ⚠ Using edge runtime on a page currently disables static generation for that page
   Generating static pages (0/8) ...
   Generating static pages (2/8) 
   Generating static pages (4/8) 
   Generating static pages (6/8) 
 ✓ Generating static pages (8/8)
   Finalizing page optimization ...
   Collecting build traces ...
Error: ENOENT: no such file or directory, open '/Users/sahil/Desktop/portfolio/Portfolio/.next/server/pages/_app.js.nft.json'
    at async open (node:internal/fs/promises:640:25)
    at async Object.readFile (node:internal/fs/promises:1244:14)
    at async /Users/sahil/Desktop/portfolio/Portfolio/node_modules/next/dist/build/collect-build-traces.js:429:50
    at async Promise.all (index 0)
    at async /Users/sahil/Desktop/portfolio/Portfolio/node_modules/next/dist/build/collect-build-traces.js:410:13
    at async Span.traceAsyncFn (/Users/sahil/Desktop/portfolio/Portfolio/node_modules/next/dist/trace/trace.js:154:20)
    at async collectBuildTraces (/Users/sahil/Desktop/portfolio/Portfolio/node_modules/next/dist/build/collect-build-traces.js:164:5)
    at async /Users/sahil/Desktop/portfolio/Portfolio/node_modules/next/dist/build/index.js:2134:13
    at async Span.traceAsyncFn (/Users/sahil/Desktop/portfolio/Portfolio/node_modules/next/dist/trace/trace.js:154:20)
    at async build (/Users/sahil/Desktop/portfolio/Portfolio/node_modules/next/dist/build/index.js:368:9) {
  errno: -2,
  code: 'ENOENT',
  syscall: 'open',
  path: '/Users/sahil/Desktop/portfolio/Portfolio/.next/server/pages/_app.js.nft.json'
}
